mode: count
github.com/patric-chuzhbe/urlshrt/internal/config/config.go:27.61,32.2 3 0
github.com/patric-chuzhbe/urlshrt/internal/config/config.go:34.61,46.2 3 0
github.com/patric-chuzhbe/urlshrt/internal/config/config.go:48.38,52.16 3 0
github.com/patric-chuzhbe/urlshrt/internal/config/config.go:52.16,54.3 1 0
github.com/patric-chuzhbe/urlshrt/internal/config/config.go:56.2,57.16 2 0
github.com/patric-chuzhbe/urlshrt/internal/config/config.go:57.16,59.3 1 0
github.com/patric-chuzhbe/urlshrt/internal/config/config.go:61.2,61.30 1 0
github.com/patric-chuzhbe/urlshrt/internal/config/config.go:70.67,71.36 1 0
github.com/patric-chuzhbe/urlshrt/internal/config/config.go:71.36,73.3 1 0
github.com/patric-chuzhbe/urlshrt/internal/config/config.go:76.55,80.43 2 0
github.com/patric-chuzhbe/urlshrt/internal/config/config.go:80.43,82.3 1 0
github.com/patric-chuzhbe/urlshrt/internal/config/config.go:84.2,85.16 2 0
github.com/patric-chuzhbe/urlshrt/internal/config/config.go:85.16,87.3 1 0
github.com/patric-chuzhbe/urlshrt/internal/config/config.go:89.2,92.16 3 0
github.com/patric-chuzhbe/urlshrt/internal/config/config.go:92.16,94.3 1 0
github.com/patric-chuzhbe/urlshrt/internal/config/config.go:96.2,96.34 1 0
github.com/patric-chuzhbe/urlshrt/internal/config/config.go:96.34,103.3 6 0
github.com/patric-chuzhbe/urlshrt/internal/config/config.go:105.2,105.35 1 0
github.com/patric-chuzhbe/urlshrt/cmd/shortener/main.go:8.13,10.16 2 0
github.com/patric-chuzhbe/urlshrt/cmd/shortener/main.go:10.16,12.3 1 0
github.com/patric-chuzhbe/urlshrt/cmd/shortener/main.go:13.2,15.32 2 0
github.com/patric-chuzhbe/urlshrt/cmd/shortener/main.go:15.32,17.3 1 0
github.com/patric-chuzhbe/urlshrt/internal/auth/auth.go:34.92,36.23 2 0
github.com/patric-chuzhbe/urlshrt/internal/auth/auth.go:36.23,38.3 1 0
github.com/patric-chuzhbe/urlshrt/internal/auth/auth.go:39.2,40.16 2 0
github.com/patric-chuzhbe/urlshrt/internal/auth/auth.go:40.16,42.3 1 0
github.com/patric-chuzhbe/urlshrt/internal/auth/auth.go:44.2,44.20 1 0
github.com/patric-chuzhbe/urlshrt/internal/auth/auth.go:47.61,48.74 1 0
github.com/patric-chuzhbe/urlshrt/internal/auth/auth.go:48.74,50.25 2 0
github.com/patric-chuzhbe/urlshrt/internal/auth/auth.go:50.25,54.4 2 0
github.com/patric-chuzhbe/urlshrt/internal/auth/auth.go:55.3,56.17 2 0
github.com/patric-chuzhbe/urlshrt/internal/auth/auth.go:56.17,61.4 3 0
github.com/patric-chuzhbe/urlshrt/internal/auth/auth.go:63.3,64.17 2 0
github.com/patric-chuzhbe/urlshrt/internal/auth/auth.go:64.17,69.4 3 0
github.com/patric-chuzhbe/urlshrt/internal/auth/auth.go:71.3,83.40 5 0
github.com/patric-chuzhbe/urlshrt/internal/auth/auth.go:86.2,86.37 1 0
github.com/patric-chuzhbe/urlshrt/internal/auth/auth.go:89.96,95.43 3 0
github.com/patric-chuzhbe/urlshrt/internal/auth/auth.go:95.43,96.55 1 0
github.com/patric-chuzhbe/urlshrt/internal/auth/auth.go:96.55,98.5 1 0
github.com/patric-chuzhbe/urlshrt/internal/auth/auth.go:99.4,99.44 1 0
github.com/patric-chuzhbe/urlshrt/internal/auth/auth.go:102.2,102.32 1 0
github.com/patric-chuzhbe/urlshrt/internal/auth/auth.go:102.32,104.3 1 0
github.com/patric-chuzhbe/urlshrt/internal/auth/auth.go:106.2,106.27 1 0
github.com/patric-chuzhbe/urlshrt/internal/auth/auth.go:109.62,110.74 1 0
github.com/patric-chuzhbe/urlshrt/internal/auth/auth.go:110.74,112.17 2 0
github.com/patric-chuzhbe/urlshrt/internal/auth/auth.go:112.17,116.4 3 0
github.com/patric-chuzhbe/urlshrt/internal/auth/auth.go:118.3,119.17 2 0
github.com/patric-chuzhbe/urlshrt/internal/auth/auth.go:119.17,123.4 3 0
github.com/patric-chuzhbe/urlshrt/internal/auth/auth.go:125.3,128.40 3 0
github.com/patric-chuzhbe/urlshrt/internal/auth/auth.go:131.2,131.37 1 0
github.com/patric-chuzhbe/urlshrt/internal/auth/auth.go:138.9,144.2 1 0
github.com/patric-chuzhbe/urlshrt/internal/auth/auth.go:146.63,150.16 3 0
github.com/patric-chuzhbe/urlshrt/internal/auth/auth.go:150.16,152.3 1 0
github.com/patric-chuzhbe/urlshrt/internal/auth/auth.go:154.2,154.25 1 0
github.com/patric-chuzhbe/urlshrt/internal/app/app.go:110.54,111.27 1 0
github.com/patric-chuzhbe/urlshrt/internal/app/app.go:111.27,113.3 1 0
github.com/patric-chuzhbe/urlshrt/internal/app/app.go:115.2,115.26 1 0
github.com/patric-chuzhbe/urlshrt/internal/app/app.go:115.26,117.3 1 0
github.com/patric-chuzhbe/urlshrt/internal/app/app.go:119.2,119.33 1 0
github.com/patric-chuzhbe/urlshrt/internal/app/app.go:122.60,123.38 1 0
github.com/patric-chuzhbe/urlshrt/internal/app/app.go:124.33,125.49 1 0
github.com/patric-chuzhbe/urlshrt/internal/app/app.go:127.36,133.4 1 0
github.com/patric-chuzhbe/urlshrt/internal/app/app.go:135.30,136.36 1 0
github.com/patric-chuzhbe/urlshrt/internal/app/app.go:139.2,139.28 1 0
github.com/patric-chuzhbe/urlshrt/internal/app/app.go:142.26,147.16 4 0
github.com/patric-chuzhbe/urlshrt/internal/app/app.go:147.16,149.3 1 0
github.com/patric-chuzhbe/urlshrt/internal/app/app.go:151.2,152.16 2 0
github.com/patric-chuzhbe/urlshrt/internal/app/app.go:152.16,154.3 1 0
github.com/patric-chuzhbe/urlshrt/internal/app/app.go:156.2,157.16 2 0
github.com/patric-chuzhbe/urlshrt/internal/app/app.go:157.16,159.3 1 0
github.com/patric-chuzhbe/urlshrt/internal/app/app.go:161.2,162.16 2 0
github.com/patric-chuzhbe/urlshrt/internal/app/app.go:162.16,164.3 1 0
github.com/patric-chuzhbe/urlshrt/internal/app/app.go:166.2,175.47 5 0
github.com/patric-chuzhbe/urlshrt/internal/app/app.go:175.47,177.3 1 0
github.com/patric-chuzhbe/urlshrt/internal/app/app.go:179.2,190.17 2 0
github.com/patric-chuzhbe/urlshrt/internal/app/app.go:193.27,205.12 6 0
github.com/patric-chuzhbe/urlshrt/internal/app/app.go:205.12,207.3 1 0
github.com/patric-chuzhbe/urlshrt/internal/app/app.go:209.2,209.9 1 0
github.com/patric-chuzhbe/urlshrt/internal/app/app.go:210.20,216.54 5 0
github.com/patric-chuzhbe/urlshrt/internal/app/app.go:216.54,218.4 1 0
github.com/patric-chuzhbe/urlshrt/internal/app/app.go:220.3,220.22 1 0
github.com/patric-chuzhbe/urlshrt/internal/app/app.go:222.28,223.45 1 0
github.com/patric-chuzhbe/urlshrt/internal/app/app.go:227.23,228.38 1 0
github.com/patric-chuzhbe/urlshrt/internal/app/app.go:228.38,230.3 1 0
github.com/patric-chuzhbe/urlshrt/internal/gzippedhttp/gzippedhttp.go:16.61,18.2 1 0
github.com/patric-chuzhbe/urlshrt/internal/gzippedhttp/gzippedhttp.go:20.42,21.36 1 0
github.com/patric-chuzhbe/urlshrt/internal/gzippedhttp/gzippedhttp.go:21.36,23.3 1 0
github.com/patric-chuzhbe/urlshrt/internal/gzippedhttp/gzippedhttp.go:24.2,24.21 1 0
github.com/patric-chuzhbe/urlshrt/internal/gzippedhttp/gzippedhttp.go:27.80,29.16 2 0
github.com/patric-chuzhbe/urlshrt/internal/gzippedhttp/gzippedhttp.go:29.16,31.3 1 0
github.com/patric-chuzhbe/urlshrt/internal/gzippedhttp/gzippedhttp.go:33.2,36.8 1 0
github.com/patric-chuzhbe/urlshrt/internal/gzippedhttp/gzippedhttp.go:44.54,46.16 2 0
github.com/patric-chuzhbe/urlshrt/internal/gzippedhttp/gzippedhttp.go:46.16,48.3 1 0
github.com/patric-chuzhbe/urlshrt/internal/gzippedhttp/gzippedhttp.go:49.2,50.12 2 0
github.com/patric-chuzhbe/urlshrt/internal/gzippedhttp/gzippedhttp.go:55.68,56.22 1 0
github.com/patric-chuzhbe/urlshrt/internal/gzippedhttp/gzippedhttp.go:56.22,58.3 1 0
github.com/patric-chuzhbe/urlshrt/internal/gzippedhttp/gzippedhttp.go:59.2,59.29 1 0
github.com/patric-chuzhbe/urlshrt/internal/gzippedhttp/gzippedhttp.go:62.69,64.2 1 0
github.com/patric-chuzhbe/urlshrt/internal/gzippedhttp/gzippedhttp.go:66.61,68.2 1 0
github.com/patric-chuzhbe/urlshrt/internal/gzippedhttp/gzippedhttp.go:71.26,74.3 2 0
github.com/patric-chuzhbe/urlshrt/internal/gzippedhttp/gzippedhttp.go:77.91,84.2 3 0
github.com/patric-chuzhbe/urlshrt/internal/gzippedhttp/gzippedhttp.go:86.48,87.74 1 0
github.com/patric-chuzhbe/urlshrt/internal/gzippedhttp/gzippedhttp.go:87.74,92.24 4 0
github.com/patric-chuzhbe/urlshrt/internal/gzippedhttp/gzippedhttp.go:92.24,96.4 3 0
github.com/patric-chuzhbe/urlshrt/internal/gzippedhttp/gzippedhttp.go:98.3,98.38 1 0
github.com/patric-chuzhbe/urlshrt/internal/gzippedhttp/gzippedhttp.go:101.2,101.37 1 0
github.com/patric-chuzhbe/urlshrt/internal/gzippedhttp/gzippedhttp.go:104.64,105.74 1 0
github.com/patric-chuzhbe/urlshrt/internal/gzippedhttp/gzippedhttp.go:105.74,109.71 3 0
github.com/patric-chuzhbe/urlshrt/internal/gzippedhttp/gzippedhttp.go:109.71,111.18 2 0
github.com/patric-chuzhbe/urlshrt/internal/gzippedhttp/gzippedhttp.go:111.18,114.5 2 0
github.com/patric-chuzhbe/urlshrt/internal/gzippedhttp/gzippedhttp.go:115.4,116.44 2 0
github.com/patric-chuzhbe/urlshrt/internal/gzippedhttp/gzippedhttp.go:119.3,119.33 1 0
github.com/patric-chuzhbe/urlshrt/internal/gzippedhttp/gzippedhttp.go:122.2,122.37 1 0
github.com/patric-chuzhbe/urlshrt/internal/logger/logger.go:20.62,24.2 3 0
github.com/patric-chuzhbe/urlshrt/internal/logger/logger.go:26.61,29.2 2 0
github.com/patric-chuzhbe/urlshrt/internal/logger/logger.go:33.31,35.16 2 0
github.com/patric-chuzhbe/urlshrt/internal/logger/logger.go:35.16,37.3 1 0
github.com/patric-chuzhbe/urlshrt/internal/logger/logger.go:39.2,42.16 4 0
github.com/patric-chuzhbe/urlshrt/internal/logger/logger.go:42.16,44.3 1 0
github.com/patric-chuzhbe/urlshrt/internal/logger/logger.go:45.2,47.12 2 0
github.com/patric-chuzhbe/urlshrt/internal/logger/logger.go:50.19,51.59 1 0
github.com/patric-chuzhbe/urlshrt/internal/logger/logger.go:51.59,53.3 1 0
github.com/patric-chuzhbe/urlshrt/internal/logger/logger.go:55.2,55.12 1 0
github.com/patric-chuzhbe/urlshrt/internal/logger/logger.go:58.61,59.56 1 0
github.com/patric-chuzhbe/urlshrt/internal/logger/logger.go:59.56,81.3 6 0
github.com/patric-chuzhbe/urlshrt/internal/logger/logger.go:83.2,83.32 1 0
github.com/patric-chuzhbe/urlshrt/internal/urlsremover/urlsremover.go:29.58,30.12 1 0
github.com/patric-chuzhbe/urlshrt/internal/urlsremover/urlsremover.go:30.12,31.35 1 0
github.com/patric-chuzhbe/urlshrt/internal/urlsremover/urlsremover.go:31.35,33.4 1 0
github.com/patric-chuzhbe/urlshrt/internal/urlsremover/urlsremover.go:37.75,39.26 2 0
github.com/patric-chuzhbe/urlshrt/internal/urlsremover/urlsremover.go:39.26,41.10 2 0
github.com/patric-chuzhbe/urlshrt/internal/urlsremover/urlsremover.go:41.10,43.4 1 0
github.com/patric-chuzhbe/urlshrt/internal/urlsremover/urlsremover.go:44.3,44.61 1 0
github.com/patric-chuzhbe/urlshrt/internal/urlsremover/urlsremover.go:47.2,47.15 1 0
github.com/patric-chuzhbe/urlshrt/internal/urlsremover/urlsremover.go:50.48,51.12 1 0
github.com/patric-chuzhbe/urlshrt/internal/urlsremover/urlsremover.go:51.12,57.7 4 0
github.com/patric-chuzhbe/urlshrt/internal/urlsremover/urlsremover.go:57.7,58.11 1 0
github.com/patric-chuzhbe/urlshrt/internal/urlsremover/urlsremover.go:59.22,61.11 2 0
github.com/patric-chuzhbe/urlshrt/internal/urlsremover/urlsremover.go:62.24,63.30 1 0
github.com/patric-chuzhbe/urlshrt/internal/urlsremover/urlsremover.go:64.20,65.24 1 0
github.com/patric-chuzhbe/urlshrt/internal/urlsremover/urlsremover.go:65.24,66.14 1 0
github.com/patric-chuzhbe/urlshrt/internal/urlsremover/urlsremover.go:68.5,69.19 2 0
github.com/patric-chuzhbe/urlshrt/internal/urlsremover/urlsremover.go:69.19,71.14 2 0
github.com/patric-chuzhbe/urlshrt/internal/urlsremover/urlsremover.go:73.5,74.16 2 0
github.com/patric-chuzhbe/urlshrt/internal/urlsremover/urlsremover.go:84.16,91.2 1 0
github.com/patric-chuzhbe/urlshrt/internal/urlsremover/urlsremover.go:93.60,94.41 1 0
github.com/patric-chuzhbe/urlshrt/internal/urlsremover/urlsremover.go:94.41,99.3 1 0
github.com/patric-chuzhbe/urlshrt/internal/db/postgresdb/postgresdb.go:31.58,45.16 2 0
github.com/patric-chuzhbe/urlshrt/internal/db/postgresdb/postgresdb.go:45.16,50.3 1 0
github.com/patric-chuzhbe/urlshrt/internal/db/postgresdb/postgresdb.go:51.2,51.12 1 0
github.com/patric-chuzhbe/urlshrt/internal/db/postgresdb/postgresdb.go:57.9,59.16 2 0
github.com/patric-chuzhbe/urlshrt/internal/db/postgresdb/postgresdb.go:59.16,61.3 1 0
github.com/patric-chuzhbe/urlshrt/internal/db/postgresdb/postgresdb.go:63.2,63.38 1 0
github.com/patric-chuzhbe/urlshrt/internal/db/postgresdb/postgresdb.go:63.38,64.28 1 0
github.com/patric-chuzhbe/urlshrt/internal/db/postgresdb/postgresdb.go:64.28,78.18 2 0
github.com/patric-chuzhbe/urlshrt/internal/db/postgresdb/postgresdb.go:78.18,80.20 2 0
github.com/patric-chuzhbe/urlshrt/internal/db/postgresdb/postgresdb.go:80.20,82.6 1 0
github.com/patric-chuzhbe/urlshrt/internal/db/postgresdb/postgresdb.go:83.5,83.15 1 0
github.com/patric-chuzhbe/urlshrt/internal/db/postgresdb/postgresdb.go:88.2,89.16 2 0
github.com/patric-chuzhbe/urlshrt/internal/db/postgresdb/postgresdb.go:89.16,91.3 1 0
github.com/patric-chuzhbe/urlshrt/internal/db/postgresdb/postgresdb.go:93.2,93.12 1 0
github.com/patric-chuzhbe/urlshrt/internal/db/postgresdb/postgresdb.go:110.9,125.27 1 0
github.com/patric-chuzhbe/urlshrt/internal/db/postgresdb/postgresdb.go:125.27,139.17 2 0
github.com/patric-chuzhbe/urlshrt/internal/db/postgresdb/postgresdb.go:139.17,141.4 1 0
github.com/patric-chuzhbe/urlshrt/internal/db/postgresdb/postgresdb.go:144.2,144.12 1 0
github.com/patric-chuzhbe/urlshrt/internal/db/postgresdb/postgresdb.go:151.28,152.39 1 0
github.com/patric-chuzhbe/urlshrt/internal/db/postgresdb/postgresdb.go:152.39,152.53 1 0
github.com/patric-chuzhbe/urlshrt/internal/db/postgresdb/postgresdb.go:153.2,153.30 1 0
github.com/patric-chuzhbe/urlshrt/internal/db/postgresdb/postgresdb.go:153.30,155.3 1 0
github.com/patric-chuzhbe/urlshrt/internal/db/postgresdb/postgresdb.go:157.2,167.16 2 0
github.com/patric-chuzhbe/urlshrt/internal/db/postgresdb/postgresdb.go:167.16,169.3 1 0
github.com/patric-chuzhbe/urlshrt/internal/db/postgresdb/postgresdb.go:170.2,173.18 3 0
github.com/patric-chuzhbe/urlshrt/internal/db/postgresdb/postgresdb.go:173.18,176.17 3 0
github.com/patric-chuzhbe/urlshrt/internal/db/postgresdb/postgresdb.go:176.17,178.4 1 0
github.com/patric-chuzhbe/urlshrt/internal/db/postgresdb/postgresdb.go:180.3,186.4 1 0
github.com/patric-chuzhbe/urlshrt/internal/db/postgresdb/postgresdb.go:189.2,190.16 2 0
github.com/patric-chuzhbe/urlshrt/internal/db/postgresdb/postgresdb.go:190.16,192.3 1 0
github.com/patric-chuzhbe/urlshrt/internal/db/postgresdb/postgresdb.go:194.2,194.20 1 0
github.com/patric-chuzhbe/urlshrt/internal/db/postgresdb/postgresdb.go:197.108,199.24 2 0
github.com/patric-chuzhbe/urlshrt/internal/db/postgresdb/postgresdb.go:199.24,201.3 1 0
github.com/patric-chuzhbe/urlshrt/internal/db/postgresdb/postgresdb.go:201.8,203.3 1 0
github.com/patric-chuzhbe/urlshrt/internal/db/postgresdb/postgresdb.go:205.2,211.16 4 0
github.com/patric-chuzhbe/urlshrt/internal/db/postgresdb/postgresdb.go:211.16,213.3 1 0
github.com/patric-chuzhbe/urlshrt/internal/db/postgresdb/postgresdb.go:215.2,215.26 1 0
github.com/patric-chuzhbe/urlshrt/internal/db/postgresdb/postgresdb.go:218.112,221.24 2 0
github.com/patric-chuzhbe/urlshrt/internal/db/postgresdb/postgresdb.go:221.24,223.3 1 0
github.com/patric-chuzhbe/urlshrt/internal/db/postgresdb/postgresdb.go:223.8,225.3 1 0
github.com/patric-chuzhbe/urlshrt/internal/db/postgresdb/postgresdb.go:227.2,227.18 1 0
github.com/patric-chuzhbe/urlshrt/internal/db/postgresdb/postgresdb.go:227.18,229.3 1 0
github.com/patric-chuzhbe/urlshrt/internal/db/postgresdb/postgresdb.go:231.2,238.16 4 0
github.com/patric-chuzhbe/urlshrt/internal/db/postgresdb/postgresdb.go:238.16,239.36 1 0
github.com/patric-chuzhbe/urlshrt/internal/db/postgresdb/postgresdb.go:239.36,241.4 1 0
github.com/patric-chuzhbe/urlshrt/internal/db/postgresdb/postgresdb.go:242.3,242.33 1 0
github.com/patric-chuzhbe/urlshrt/internal/db/postgresdb/postgresdb.go:245.2,245.42 1 0
github.com/patric-chuzhbe/urlshrt/internal/db/postgresdb/postgresdb.go:248.74,249.15 1 0
github.com/patric-chuzhbe/urlshrt/internal/db/postgresdb/postgresdb.go:249.15,250.31 1 0
github.com/patric-chuzhbe/urlshrt/internal/db/postgresdb/postgresdb.go:250.31,252.4 1 0
github.com/patric-chuzhbe/urlshrt/internal/db/postgresdb/postgresdb.go:255.2,255.29 1 0
github.com/patric-chuzhbe/urlshrt/internal/db/postgresdb/postgresdb.go:258.70,260.2 1 0
github.com/patric-chuzhbe/urlshrt/internal/db/postgresdb/postgresdb.go:262.59,264.2 1 0
github.com/patric-chuzhbe/urlshrt/internal/db/postgresdb/postgresdb.go:266.62,268.35 2 0
github.com/patric-chuzhbe/urlshrt/internal/db/postgresdb/postgresdb.go:268.35,270.3 1 0
github.com/patric-chuzhbe/urlshrt/internal/db/postgresdb/postgresdb.go:272.2,272.15 1 0
github.com/patric-chuzhbe/urlshrt/internal/db/postgresdb/postgresdb.go:279.9,282.42 3 0
github.com/patric-chuzhbe/urlshrt/internal/db/postgresdb/postgresdb.go:282.42,284.3 1 0
github.com/patric-chuzhbe/urlshrt/internal/db/postgresdb/postgresdb.go:285.2,286.58 2 0
github.com/patric-chuzhbe/urlshrt/internal/db/postgresdb/postgresdb.go:286.58,288.3 1 0
github.com/patric-chuzhbe/urlshrt/internal/db/postgresdb/postgresdb.go:289.2,293.24 4 0
github.com/patric-chuzhbe/urlshrt/internal/db/postgresdb/postgresdb.go:293.24,295.3 1 0
github.com/patric-chuzhbe/urlshrt/internal/db/postgresdb/postgresdb.go:295.8,297.3 1 0
github.com/patric-chuzhbe/urlshrt/internal/db/postgresdb/postgresdb.go:299.2,305.41 1 0
github.com/patric-chuzhbe/urlshrt/internal/db/postgresdb/postgresdb.go:305.41,307.31 2 0
github.com/patric-chuzhbe/urlshrt/internal/db/postgresdb/postgresdb.go:307.31,309.5 1 0
github.com/patric-chuzhbe/urlshrt/internal/db/postgresdb/postgresdb.go:311.4,311.17 1 0
github.com/patric-chuzhbe/urlshrt/internal/db/postgresdb/postgresdb.go:314.2,314.16 1 0
github.com/patric-chuzhbe/urlshrt/internal/db/postgresdb/postgresdb.go:314.16,316.3 1 0
github.com/patric-chuzhbe/urlshrt/internal/db/postgresdb/postgresdb.go:318.2,318.12 1 0
github.com/patric-chuzhbe/urlshrt/internal/db/postgresdb/postgresdb.go:325.30,327.26 2 0
github.com/patric-chuzhbe/urlshrt/internal/db/postgresdb/postgresdb.go:327.26,329.3 1 0
github.com/patric-chuzhbe/urlshrt/internal/db/postgresdb/postgresdb.go:330.2,331.22 2 0
github.com/patric-chuzhbe/urlshrt/internal/db/postgresdb/postgresdb.go:331.22,333.3 1 0
github.com/patric-chuzhbe/urlshrt/internal/db/postgresdb/postgresdb.go:334.2,338.24 3 0
github.com/patric-chuzhbe/urlshrt/internal/db/postgresdb/postgresdb.go:338.24,340.3 1 0
github.com/patric-chuzhbe/urlshrt/internal/db/postgresdb/postgresdb.go:340.8,342.3 1 0
github.com/patric-chuzhbe/urlshrt/internal/db/postgresdb/postgresdb.go:344.2,350.41 1 0
github.com/patric-chuzhbe/urlshrt/internal/db/postgresdb/postgresdb.go:350.41,352.31 2 0
github.com/patric-chuzhbe/urlshrt/internal/db/postgresdb/postgresdb.go:352.31,354.5 1 0
github.com/patric-chuzhbe/urlshrt/internal/db/postgresdb/postgresdb.go:356.4,356.17 1 0
github.com/patric-chuzhbe/urlshrt/internal/db/postgresdb/postgresdb.go:359.2,359.16 1 0
github.com/patric-chuzhbe/urlshrt/internal/db/postgresdb/postgresdb.go:359.16,361.3 1 0
github.com/patric-chuzhbe/urlshrt/internal/db/postgresdb/postgresdb.go:362.2,365.18 3 0
github.com/patric-chuzhbe/urlshrt/internal/db/postgresdb/postgresdb.go:365.18,368.17 3 0
github.com/patric-chuzhbe/urlshrt/internal/db/postgresdb/postgresdb.go:368.17,370.4 1 0
github.com/patric-chuzhbe/urlshrt/internal/db/postgresdb/postgresdb.go:372.3,372.23 1 0
github.com/patric-chuzhbe/urlshrt/internal/db/postgresdb/postgresdb.go:375.2,376.16 2 0
github.com/patric-chuzhbe/urlshrt/internal/db/postgresdb/postgresdb.go:376.16,378.3 1 0
github.com/patric-chuzhbe/urlshrt/internal/db/postgresdb/postgresdb.go:380.2,380.20 1 0
github.com/patric-chuzhbe/urlshrt/internal/db/postgresdb/postgresdb.go:388.9,391.24 2 0
github.com/patric-chuzhbe/urlshrt/internal/db/postgresdb/postgresdb.go:391.24,393.3 1 0
github.com/patric-chuzhbe/urlshrt/internal/db/postgresdb/postgresdb.go:393.8,395.3 1 0
github.com/patric-chuzhbe/urlshrt/internal/db/postgresdb/postgresdb.go:397.2,403.16 2 0
github.com/patric-chuzhbe/urlshrt/internal/db/postgresdb/postgresdb.go:403.16,405.3 1 0
github.com/patric-chuzhbe/urlshrt/internal/db/postgresdb/postgresdb.go:407.2,407.12 1 0
github.com/patric-chuzhbe/urlshrt/internal/db/postgresdb/postgresdb.go:410.96,419.16 5 0
github.com/patric-chuzhbe/urlshrt/internal/db/postgresdb/postgresdb.go:419.16,420.36 1 0
github.com/patric-chuzhbe/urlshrt/internal/db/postgresdb/postgresdb.go:420.36,422.4 1 0
github.com/patric-chuzhbe/urlshrt/internal/db/postgresdb/postgresdb.go:423.3,423.24 1 0
github.com/patric-chuzhbe/urlshrt/internal/db/postgresdb/postgresdb.go:426.2,426.15 1 0
github.com/patric-chuzhbe/urlshrt/internal/db/postgresdb/postgresdb.go:426.15,428.3 1 0
github.com/patric-chuzhbe/urlshrt/internal/db/postgresdb/postgresdb.go:430.2,430.24 1 0
github.com/patric-chuzhbe/urlshrt/internal/db/postgresdb/postgresdb.go:437.25,440.24 2 0
github.com/patric-chuzhbe/urlshrt/internal/db/postgresdb/postgresdb.go:440.24,442.3 1 0
github.com/patric-chuzhbe/urlshrt/internal/db/postgresdb/postgresdb.go:442.8,444.3 1 0
github.com/patric-chuzhbe/urlshrt/internal/db/postgresdb/postgresdb.go:446.2,453.16 4 0
github.com/patric-chuzhbe/urlshrt/internal/db/postgresdb/postgresdb.go:453.16,454.36 1 0
github.com/patric-chuzhbe/urlshrt/internal/db/postgresdb/postgresdb.go:454.36,456.4 1 0
github.com/patric-chuzhbe/urlshrt/internal/db/postgresdb/postgresdb.go:457.3,457.24 1 0
github.com/patric-chuzhbe/urlshrt/internal/db/postgresdb/postgresdb.go:460.2,460.25 1 0
github.com/patric-chuzhbe/urlshrt/internal/db/postgresdb/postgresdb.go:463.86,471.16 4 0
github.com/patric-chuzhbe/urlshrt/internal/db/postgresdb/postgresdb.go:471.16,472.36 1 0
github.com/patric-chuzhbe/urlshrt/internal/db/postgresdb/postgresdb.go:472.36,474.4 1 0
github.com/patric-chuzhbe/urlshrt/internal/db/postgresdb/postgresdb.go:476.3,476.20 1 0
github.com/patric-chuzhbe/urlshrt/internal/db/postgresdb/postgresdb.go:479.2,479.28 1 0
github.com/patric-chuzhbe/urlshrt/internal/db/postgresdb/postgresdb.go:563.44,564.36 1 0
github.com/patric-chuzhbe/urlshrt/internal/db/postgresdb/postgresdb.go:564.36,566.3 1 0
github.com/patric-chuzhbe/urlshrt/internal/db/postgresdb/postgresdb.go:575.24,579.43 2 0
github.com/patric-chuzhbe/urlshrt/internal/db/postgresdb/postgresdb.go:579.43,581.3 1 0
github.com/patric-chuzhbe/urlshrt/internal/db/postgresdb/postgresdb.go:583.2,584.16 2 0
github.com/patric-chuzhbe/urlshrt/internal/db/postgresdb/postgresdb.go:584.16,586.3 1 0
github.com/patric-chuzhbe/urlshrt/internal/db/postgresdb/postgresdb.go:588.2,593.24 2 0
github.com/patric-chuzhbe/urlshrt/internal/db/postgresdb/postgresdb.go:593.24,594.45 1 0
github.com/patric-chuzhbe/urlshrt/internal/db/postgresdb/postgresdb.go:594.45,600.4 1 0
github.com/patric-chuzhbe/urlshrt/internal/db/postgresdb/postgresdb.go:603.2,603.53 1 0
github.com/patric-chuzhbe/urlshrt/internal/db/postgresdb/postgresdb.go:603.53,609.3 1 0
github.com/patric-chuzhbe/urlshrt/internal/db/postgresdb/postgresdb.go:611.2,611.65 1 0
github.com/patric-chuzhbe/urlshrt/internal/db/postgresdb/postgresdb.go:611.65,617.3 1 0
github.com/patric-chuzhbe/urlshrt/internal/db/postgresdb/postgresdb.go:624.2,624.20 1 0
github.com/patric-chuzhbe/urlshrt/internal/db/postgresdb/postgresdb.go:627.55,632.2 3 0
github.com/patric-chuzhbe/urlshrt/internal/db/postgresdb/postgresdb.go:634.37,636.16 2 0
github.com/patric-chuzhbe/urlshrt/internal/db/postgresdb/postgresdb.go:636.16,638.3 1 0
github.com/patric-chuzhbe/urlshrt/internal/db/postgresdb/postgresdb.go:640.2,640.12 1 0
github.com/patric-chuzhbe/urlshrt/internal/auth/auth.go:34.92,36.23 2 11
github.com/patric-chuzhbe/urlshrt/internal/auth/auth.go:36.23,38.3 1 0
github.com/patric-chuzhbe/urlshrt/internal/auth/auth.go:39.2,40.16 2 11
github.com/patric-chuzhbe/urlshrt/internal/auth/auth.go:40.16,42.3 1 0
github.com/patric-chuzhbe/urlshrt/internal/auth/auth.go:44.2,44.20 1 11
github.com/patric-chuzhbe/urlshrt/internal/auth/auth.go:47.61,48.74 1 9
github.com/patric-chuzhbe/urlshrt/internal/auth/auth.go:48.74,50.25 2 11
github.com/patric-chuzhbe/urlshrt/internal/auth/auth.go:50.25,54.4 2 0
github.com/patric-chuzhbe/urlshrt/internal/auth/auth.go:55.3,56.17 2 11
github.com/patric-chuzhbe/urlshrt/internal/auth/auth.go:56.17,61.4 3 0
github.com/patric-chuzhbe/urlshrt/internal/auth/auth.go:63.3,64.17 2 11
github.com/patric-chuzhbe/urlshrt/internal/auth/auth.go:64.17,69.4 3 0
github.com/patric-chuzhbe/urlshrt/internal/auth/auth.go:71.3,83.40 5 11
github.com/patric-chuzhbe/urlshrt/internal/auth/auth.go:86.2,86.37 1 9
github.com/patric-chuzhbe/urlshrt/internal/auth/auth.go:89.96,95.43 3 11
github.com/patric-chuzhbe/urlshrt/internal/auth/auth.go:95.43,96.55 1 0
github.com/patric-chuzhbe/urlshrt/internal/auth/auth.go:96.55,98.5 1 0
github.com/patric-chuzhbe/urlshrt/internal/auth/auth.go:99.4,99.44 1 0
github.com/patric-chuzhbe/urlshrt/internal/auth/auth.go:102.2,102.32 1 11
github.com/patric-chuzhbe/urlshrt/internal/auth/auth.go:102.32,104.3 1 11
github.com/patric-chuzhbe/urlshrt/internal/auth/auth.go:106.2,106.27 1 0
github.com/patric-chuzhbe/urlshrt/internal/auth/auth.go:109.62,110.74 1 10
github.com/patric-chuzhbe/urlshrt/internal/auth/auth.go:110.74,112.17 2 11
github.com/patric-chuzhbe/urlshrt/internal/auth/auth.go:112.17,116.4 3 0
github.com/patric-chuzhbe/urlshrt/internal/auth/auth.go:118.3,119.17 2 11
github.com/patric-chuzhbe/urlshrt/internal/auth/auth.go:119.17,123.4 3 0
github.com/patric-chuzhbe/urlshrt/internal/auth/auth.go:125.3,128.40 3 11
github.com/patric-chuzhbe/urlshrt/internal/auth/auth.go:131.2,131.37 1 10
github.com/patric-chuzhbe/urlshrt/internal/auth/auth.go:138.9,144.2 1 6
github.com/patric-chuzhbe/urlshrt/internal/auth/auth.go:146.63,150.16 3 11
github.com/patric-chuzhbe/urlshrt/internal/auth/auth.go:150.16,152.3 1 0
github.com/patric-chuzhbe/urlshrt/internal/auth/auth.go:154.2,154.25 1 11
github.com/patric-chuzhbe/urlshrt/internal/config/config.go:27.61,32.2 3 4
github.com/patric-chuzhbe/urlshrt/internal/config/config.go:34.61,46.2 3 4
github.com/patric-chuzhbe/urlshrt/internal/config/config.go:48.38,52.16 3 4
github.com/patric-chuzhbe/urlshrt/internal/config/config.go:52.16,54.3 1 0
github.com/patric-chuzhbe/urlshrt/internal/config/config.go:56.2,57.16 2 4
github.com/patric-chuzhbe/urlshrt/internal/config/config.go:57.16,59.3 1 0
github.com/patric-chuzhbe/urlshrt/internal/config/config.go:61.2,61.30 1 4
github.com/patric-chuzhbe/urlshrt/internal/config/config.go:70.67,71.36 1 3
github.com/patric-chuzhbe/urlshrt/internal/config/config.go:71.36,73.3 1 3
github.com/patric-chuzhbe/urlshrt/internal/config/config.go:76.55,80.43 2 4
github.com/patric-chuzhbe/urlshrt/internal/config/config.go:80.43,82.3 1 3
github.com/patric-chuzhbe/urlshrt/internal/config/config.go:84.2,85.16 2 4
github.com/patric-chuzhbe/urlshrt/internal/config/config.go:85.16,87.3 1 4
github.com/patric-chuzhbe/urlshrt/internal/config/config.go:89.2,92.16 3 4
github.com/patric-chuzhbe/urlshrt/internal/config/config.go:92.16,94.3 1 0
github.com/patric-chuzhbe/urlshrt/internal/config/config.go:96.2,96.34 1 4
github.com/patric-chuzhbe/urlshrt/internal/config/config.go:96.34,103.3 6 1
github.com/patric-chuzhbe/urlshrt/internal/config/config.go:105.2,105.35 1 4
github.com/patric-chuzhbe/urlshrt/internal/db/postgresdb/postgresdb.go:31.58,45.16 2 0
github.com/patric-chuzhbe/urlshrt/internal/db/postgresdb/postgresdb.go:45.16,50.3 1 0
github.com/patric-chuzhbe/urlshrt/internal/db/postgresdb/postgresdb.go:51.2,51.12 1 0
github.com/patric-chuzhbe/urlshrt/internal/db/postgresdb/postgresdb.go:57.9,59.16 2 0
github.com/patric-chuzhbe/urlshrt/internal/db/postgresdb/postgresdb.go:59.16,61.3 1 0
github.com/patric-chuzhbe/urlshrt/internal/db/postgresdb/postgresdb.go:63.2,63.38 1 0
github.com/patric-chuzhbe/urlshrt/internal/db/postgresdb/postgresdb.go:63.38,64.28 1 0
github.com/patric-chuzhbe/urlshrt/internal/db/postgresdb/postgresdb.go:64.28,78.18 2 0
github.com/patric-chuzhbe/urlshrt/internal/db/postgresdb/postgresdb.go:78.18,80.20 2 0
github.com/patric-chuzhbe/urlshrt/internal/db/postgresdb/postgresdb.go:80.20,82.6 1 0
github.com/patric-chuzhbe/urlshrt/internal/db/postgresdb/postgresdb.go:83.5,83.15 1 0
github.com/patric-chuzhbe/urlshrt/internal/db/postgresdb/postgresdb.go:88.2,89.16 2 0
github.com/patric-chuzhbe/urlshrt/internal/db/postgresdb/postgresdb.go:89.16,91.3 1 0
github.com/patric-chuzhbe/urlshrt/internal/db/postgresdb/postgresdb.go:93.2,93.12 1 0
github.com/patric-chuzhbe/urlshrt/internal/db/postgresdb/postgresdb.go:110.9,125.27 1 0
github.com/patric-chuzhbe/urlshrt/internal/db/postgresdb/postgresdb.go:125.27,139.17 2 0
github.com/patric-chuzhbe/urlshrt/internal/db/postgresdb/postgresdb.go:139.17,141.4 1 0
github.com/patric-chuzhbe/urlshrt/internal/db/postgresdb/postgresdb.go:144.2,144.12 1 0
github.com/patric-chuzhbe/urlshrt/internal/db/postgresdb/postgresdb.go:151.28,152.39 1 0
github.com/patric-chuzhbe/urlshrt/internal/db/postgresdb/postgresdb.go:152.39,152.53 1 0
github.com/patric-chuzhbe/urlshrt/internal/db/postgresdb/postgresdb.go:153.2,153.30 1 0
github.com/patric-chuzhbe/urlshrt/internal/db/postgresdb/postgresdb.go:153.30,155.3 1 0
github.com/patric-chuzhbe/urlshrt/internal/db/postgresdb/postgresdb.go:157.2,167.16 2 0
github.com/patric-chuzhbe/urlshrt/internal/db/postgresdb/postgresdb.go:167.16,169.3 1 0
github.com/patric-chuzhbe/urlshrt/internal/db/postgresdb/postgresdb.go:170.2,173.18 3 0
github.com/patric-chuzhbe/urlshrt/internal/db/postgresdb/postgresdb.go:173.18,176.17 3 0
github.com/patric-chuzhbe/urlshrt/internal/db/postgresdb/postgresdb.go:176.17,178.4 1 0
github.com/patric-chuzhbe/urlshrt/internal/db/postgresdb/postgresdb.go:180.3,186.4 1 0
github.com/patric-chuzhbe/urlshrt/internal/db/postgresdb/postgresdb.go:189.2,190.16 2 0
github.com/patric-chuzhbe/urlshrt/internal/db/postgresdb/postgresdb.go:190.16,192.3 1 0
github.com/patric-chuzhbe/urlshrt/internal/db/postgresdb/postgresdb.go:194.2,194.20 1 0
github.com/patric-chuzhbe/urlshrt/internal/db/postgresdb/postgresdb.go:197.108,199.24 2 0
github.com/patric-chuzhbe/urlshrt/internal/db/postgresdb/postgresdb.go:199.24,201.3 1 0
github.com/patric-chuzhbe/urlshrt/internal/db/postgresdb/postgresdb.go:201.8,203.3 1 0
github.com/patric-chuzhbe/urlshrt/internal/db/postgresdb/postgresdb.go:205.2,211.16 4 0
github.com/patric-chuzhbe/urlshrt/internal/db/postgresdb/postgresdb.go:211.16,213.3 1 0
github.com/patric-chuzhbe/urlshrt/internal/db/postgresdb/postgresdb.go:215.2,215.26 1 0
github.com/patric-chuzhbe/urlshrt/internal/db/postgresdb/postgresdb.go:218.112,221.24 2 0
github.com/patric-chuzhbe/urlshrt/internal/db/postgresdb/postgresdb.go:221.24,223.3 1 0
github.com/patric-chuzhbe/urlshrt/internal/db/postgresdb/postgresdb.go:223.8,225.3 1 0
github.com/patric-chuzhbe/urlshrt/internal/db/postgresdb/postgresdb.go:227.2,227.18 1 0
github.com/patric-chuzhbe/urlshrt/internal/db/postgresdb/postgresdb.go:227.18,229.3 1 0
github.com/patric-chuzhbe/urlshrt/internal/db/postgresdb/postgresdb.go:231.2,238.16 4 0
github.com/patric-chuzhbe/urlshrt/internal/db/postgresdb/postgresdb.go:238.16,239.36 1 0
github.com/patric-chuzhbe/urlshrt/internal/db/postgresdb/postgresdb.go:239.36,241.4 1 0
github.com/patric-chuzhbe/urlshrt/internal/db/postgresdb/postgresdb.go:242.3,242.33 1 0
github.com/patric-chuzhbe/urlshrt/internal/db/postgresdb/postgresdb.go:245.2,245.42 1 0
github.com/patric-chuzhbe/urlshrt/internal/db/postgresdb/postgresdb.go:248.74,249.15 1 0
github.com/patric-chuzhbe/urlshrt/internal/db/postgresdb/postgresdb.go:249.15,250.31 1 0
github.com/patric-chuzhbe/urlshrt/internal/db/postgresdb/postgresdb.go:250.31,252.4 1 0
github.com/patric-chuzhbe/urlshrt/internal/db/postgresdb/postgresdb.go:255.2,255.29 1 0
github.com/patric-chuzhbe/urlshrt/internal/db/postgresdb/postgresdb.go:258.70,260.2 1 0
github.com/patric-chuzhbe/urlshrt/internal/db/postgresdb/postgresdb.go:262.59,264.2 1 0
github.com/patric-chuzhbe/urlshrt/internal/db/postgresdb/postgresdb.go:266.62,268.35 2 0
github.com/patric-chuzhbe/urlshrt/internal/db/postgresdb/postgresdb.go:268.35,270.3 1 0
github.com/patric-chuzhbe/urlshrt/internal/db/postgresdb/postgresdb.go:272.2,272.15 1 0
github.com/patric-chuzhbe/urlshrt/internal/db/postgresdb/postgresdb.go:279.9,282.42 3 0
github.com/patric-chuzhbe/urlshrt/internal/db/postgresdb/postgresdb.go:282.42,284.3 1 0
github.com/patric-chuzhbe/urlshrt/internal/db/postgresdb/postgresdb.go:285.2,286.58 2 0
github.com/patric-chuzhbe/urlshrt/internal/db/postgresdb/postgresdb.go:286.58,288.3 1 0
github.com/patric-chuzhbe/urlshrt/internal/db/postgresdb/postgresdb.go:289.2,293.24 4 0
github.com/patric-chuzhbe/urlshrt/internal/db/postgresdb/postgresdb.go:293.24,295.3 1 0
github.com/patric-chuzhbe/urlshrt/internal/db/postgresdb/postgresdb.go:295.8,297.3 1 0
github.com/patric-chuzhbe/urlshrt/internal/db/postgresdb/postgresdb.go:299.2,305.41 1 0
github.com/patric-chuzhbe/urlshrt/internal/db/postgresdb/postgresdb.go:305.41,307.31 2 0
github.com/patric-chuzhbe/urlshrt/internal/db/postgresdb/postgresdb.go:307.31,309.5 1 0
github.com/patric-chuzhbe/urlshrt/internal/db/postgresdb/postgresdb.go:311.4,311.17 1 0
github.com/patric-chuzhbe/urlshrt/internal/db/postgresdb/postgresdb.go:314.2,314.16 1 0
github.com/patric-chuzhbe/urlshrt/internal/db/postgresdb/postgresdb.go:314.16,316.3 1 0
github.com/patric-chuzhbe/urlshrt/internal/db/postgresdb/postgresdb.go:318.2,318.12 1 0
github.com/patric-chuzhbe/urlshrt/internal/db/postgresdb/postgresdb.go:325.30,327.26 2 0
github.com/patric-chuzhbe/urlshrt/internal/db/postgresdb/postgresdb.go:327.26,329.3 1 0
github.com/patric-chuzhbe/urlshrt/internal/db/postgresdb/postgresdb.go:330.2,331.22 2 0
github.com/patric-chuzhbe/urlshrt/internal/db/postgresdb/postgresdb.go:331.22,333.3 1 0
github.com/patric-chuzhbe/urlshrt/internal/db/postgresdb/postgresdb.go:334.2,338.24 3 0
github.com/patric-chuzhbe/urlshrt/internal/db/postgresdb/postgresdb.go:338.24,340.3 1 0
github.com/patric-chuzhbe/urlshrt/internal/db/postgresdb/postgresdb.go:340.8,342.3 1 0
github.com/patric-chuzhbe/urlshrt/internal/db/postgresdb/postgresdb.go:344.2,350.41 1 0
github.com/patric-chuzhbe/urlshrt/internal/db/postgresdb/postgresdb.go:350.41,352.31 2 0
github.com/patric-chuzhbe/urlshrt/internal/db/postgresdb/postgresdb.go:352.31,354.5 1 0
github.com/patric-chuzhbe/urlshrt/internal/db/postgresdb/postgresdb.go:356.4,356.17 1 0
github.com/patric-chuzhbe/urlshrt/internal/db/postgresdb/postgresdb.go:359.2,359.16 1 0
github.com/patric-chuzhbe/urlshrt/internal/db/postgresdb/postgresdb.go:359.16,361.3 1 0
github.com/patric-chuzhbe/urlshrt/internal/db/postgresdb/postgresdb.go:362.2,365.18 3 0
github.com/patric-chuzhbe/urlshrt/internal/db/postgresdb/postgresdb.go:365.18,368.17 3 0
github.com/patric-chuzhbe/urlshrt/internal/db/postgresdb/postgresdb.go:368.17,370.4 1 0
github.com/patric-chuzhbe/urlshrt/internal/db/postgresdb/postgresdb.go:372.3,372.23 1 0
github.com/patric-chuzhbe/urlshrt/internal/db/postgresdb/postgresdb.go:375.2,376.16 2 0
github.com/patric-chuzhbe/urlshrt/internal/db/postgresdb/postgresdb.go:376.16,378.3 1 0
github.com/patric-chuzhbe/urlshrt/internal/db/postgresdb/postgresdb.go:380.2,380.20 1 0
github.com/patric-chuzhbe/urlshrt/internal/db/postgresdb/postgresdb.go:388.9,391.24 2 0
github.com/patric-chuzhbe/urlshrt/internal/db/postgresdb/postgresdb.go:391.24,393.3 1 0
github.com/patric-chuzhbe/urlshrt/internal/db/postgresdb/postgresdb.go:393.8,395.3 1 0
github.com/patric-chuzhbe/urlshrt/internal/db/postgresdb/postgresdb.go:397.2,403.16 2 0
github.com/patric-chuzhbe/urlshrt/internal/db/postgresdb/postgresdb.go:403.16,405.3 1 0
github.com/patric-chuzhbe/urlshrt/internal/db/postgresdb/postgresdb.go:407.2,407.12 1 0
github.com/patric-chuzhbe/urlshrt/internal/db/postgresdb/postgresdb.go:410.96,419.16 5 0
github.com/patric-chuzhbe/urlshrt/internal/db/postgresdb/postgresdb.go:419.16,420.36 1 0
github.com/patric-chuzhbe/urlshrt/internal/db/postgresdb/postgresdb.go:420.36,422.4 1 0
github.com/patric-chuzhbe/urlshrt/internal/db/postgresdb/postgresdb.go:423.3,423.24 1 0
github.com/patric-chuzhbe/urlshrt/internal/db/postgresdb/postgresdb.go:426.2,426.15 1 0
github.com/patric-chuzhbe/urlshrt/internal/db/postgresdb/postgresdb.go:426.15,428.3 1 0
github.com/patric-chuzhbe/urlshrt/internal/db/postgresdb/postgresdb.go:430.2,430.24 1 0
github.com/patric-chuzhbe/urlshrt/internal/db/postgresdb/postgresdb.go:437.25,440.24 2 0
github.com/patric-chuzhbe/urlshrt/internal/db/postgresdb/postgresdb.go:440.24,442.3 1 0
github.com/patric-chuzhbe/urlshrt/internal/db/postgresdb/postgresdb.go:442.8,444.3 1 0
github.com/patric-chuzhbe/urlshrt/internal/db/postgresdb/postgresdb.go:446.2,453.16 4 0
github.com/patric-chuzhbe/urlshrt/internal/db/postgresdb/postgresdb.go:453.16,454.36 1 0
github.com/patric-chuzhbe/urlshrt/internal/db/postgresdb/postgresdb.go:454.36,456.4 1 0
github.com/patric-chuzhbe/urlshrt/internal/db/postgresdb/postgresdb.go:457.3,457.24 1 0
github.com/patric-chuzhbe/urlshrt/internal/db/postgresdb/postgresdb.go:460.2,460.25 1 0
github.com/patric-chuzhbe/urlshrt/internal/db/postgresdb/postgresdb.go:463.86,471.16 4 0
github.com/patric-chuzhbe/urlshrt/internal/db/postgresdb/postgresdb.go:471.16,472.36 1 0
github.com/patric-chuzhbe/urlshrt/internal/db/postgresdb/postgresdb.go:472.36,474.4 1 0
github.com/patric-chuzhbe/urlshrt/internal/db/postgresdb/postgresdb.go:476.3,476.20 1 0
github.com/patric-chuzhbe/urlshrt/internal/db/postgresdb/postgresdb.go:479.2,479.28 1 0
github.com/patric-chuzhbe/urlshrt/internal/db/postgresdb/postgresdb.go:563.44,564.36 1 0
github.com/patric-chuzhbe/urlshrt/internal/db/postgresdb/postgresdb.go:564.36,566.3 1 0
github.com/patric-chuzhbe/urlshrt/internal/db/postgresdb/postgresdb.go:575.24,579.43 2 0
github.com/patric-chuzhbe/urlshrt/internal/db/postgresdb/postgresdb.go:579.43,581.3 1 0
github.com/patric-chuzhbe/urlshrt/internal/db/postgresdb/postgresdb.go:583.2,584.16 2 0
github.com/patric-chuzhbe/urlshrt/internal/db/postgresdb/postgresdb.go:584.16,586.3 1 0
github.com/patric-chuzhbe/urlshrt/internal/db/postgresdb/postgresdb.go:588.2,593.24 2 0
github.com/patric-chuzhbe/urlshrt/internal/db/postgresdb/postgresdb.go:593.24,594.45 1 0
github.com/patric-chuzhbe/urlshrt/internal/db/postgresdb/postgresdb.go:594.45,600.4 1 0
github.com/patric-chuzhbe/urlshrt/internal/db/postgresdb/postgresdb.go:603.2,603.53 1 0
github.com/patric-chuzhbe/urlshrt/internal/db/postgresdb/postgresdb.go:603.53,609.3 1 0
github.com/patric-chuzhbe/urlshrt/internal/db/postgresdb/postgresdb.go:611.2,611.65 1 0
github.com/patric-chuzhbe/urlshrt/internal/db/postgresdb/postgresdb.go:611.65,617.3 1 0
github.com/patric-chuzhbe/urlshrt/internal/db/postgresdb/postgresdb.go:624.2,624.20 1 0
github.com/patric-chuzhbe/urlshrt/internal/db/postgresdb/postgresdb.go:627.55,632.2 3 0
github.com/patric-chuzhbe/urlshrt/internal/db/postgresdb/postgresdb.go:634.37,636.16 2 0
github.com/patric-chuzhbe/urlshrt/internal/db/postgresdb/postgresdb.go:636.16,638.3 1 0
github.com/patric-chuzhbe/urlshrt/internal/db/postgresdb/postgresdb.go:640.2,640.12 1 0
github.com/patric-chuzhbe/urlshrt/internal/gzippedhttp/gzippedhttp.go:16.61,18.2 1 1
github.com/patric-chuzhbe/urlshrt/internal/gzippedhttp/gzippedhttp.go:20.42,21.36 1 1
github.com/patric-chuzhbe/urlshrt/internal/gzippedhttp/gzippedhttp.go:21.36,23.3 1 0
github.com/patric-chuzhbe/urlshrt/internal/gzippedhttp/gzippedhttp.go:24.2,24.21 1 1
github.com/patric-chuzhbe/urlshrt/internal/gzippedhttp/gzippedhttp.go:27.80,29.16 2 1
github.com/patric-chuzhbe/urlshrt/internal/gzippedhttp/gzippedhttp.go:29.16,31.3 1 0
github.com/patric-chuzhbe/urlshrt/internal/gzippedhttp/gzippedhttp.go:33.2,36.8 1 1
github.com/patric-chuzhbe/urlshrt/internal/gzippedhttp/gzippedhttp.go:44.54,46.16 2 5
github.com/patric-chuzhbe/urlshrt/internal/gzippedhttp/gzippedhttp.go:46.16,48.3 1 0
github.com/patric-chuzhbe/urlshrt/internal/gzippedhttp/gzippedhttp.go:49.2,50.12 2 5
github.com/patric-chuzhbe/urlshrt/internal/gzippedhttp/gzippedhttp.go:55.68,56.22 1 5
github.com/patric-chuzhbe/urlshrt/internal/gzippedhttp/gzippedhttp.go:56.22,58.3 1 3
github.com/patric-chuzhbe/urlshrt/internal/gzippedhttp/gzippedhttp.go:59.2,59.29 1 5
github.com/patric-chuzhbe/urlshrt/internal/gzippedhttp/gzippedhttp.go:62.69,64.2 1 3
github.com/patric-chuzhbe/urlshrt/internal/gzippedhttp/gzippedhttp.go:66.61,68.2 1 13
github.com/patric-chuzhbe/urlshrt/internal/gzippedhttp/gzippedhttp.go:71.26,74.3 2 4
github.com/patric-chuzhbe/urlshrt/internal/gzippedhttp/gzippedhttp.go:77.91,84.2 3 5
github.com/patric-chuzhbe/urlshrt/internal/gzippedhttp/gzippedhttp.go:86.48,87.74 1 4
github.com/patric-chuzhbe/urlshrt/internal/gzippedhttp/gzippedhttp.go:87.74,92.24 4 5
github.com/patric-chuzhbe/urlshrt/internal/gzippedhttp/gzippedhttp.go:92.24,96.4 3 5
github.com/patric-chuzhbe/urlshrt/internal/gzippedhttp/gzippedhttp.go:98.3,98.38 1 5
github.com/patric-chuzhbe/urlshrt/internal/gzippedhttp/gzippedhttp.go:101.2,101.37 1 4
github.com/patric-chuzhbe/urlshrt/internal/gzippedhttp/gzippedhttp.go:104.64,105.74 1 2
github.com/patric-chuzhbe/urlshrt/internal/gzippedhttp/gzippedhttp.go:105.74,109.71 3 6
github.com/patric-chuzhbe/urlshrt/internal/gzippedhttp/gzippedhttp.go:109.71,111.18 2 1
github.com/patric-chuzhbe/urlshrt/internal/gzippedhttp/gzippedhttp.go:111.18,114.5 2 0
github.com/patric-chuzhbe/urlshrt/internal/gzippedhttp/gzippedhttp.go:115.4,116.44 2 1
github.com/patric-chuzhbe/urlshrt/internal/gzippedhttp/gzippedhttp.go:119.3,119.33 1 6
github.com/patric-chuzhbe/urlshrt/internal/gzippedhttp/gzippedhttp.go:122.2,122.37 1 2
github.com/patric-chuzhbe/urlshrt/internal/logger/logger.go:20.62,24.2 3 21
github.com/patric-chuzhbe/urlshrt/internal/logger/logger.go:26.61,29.2 2 6
github.com/patric-chuzhbe/urlshrt/internal/logger/logger.go:33.31,35.16 2 3
github.com/patric-chuzhbe/urlshrt/internal/logger/logger.go:35.16,37.3 1 0
github.com/patric-chuzhbe/urlshrt/internal/logger/logger.go:39.2,42.16 4 3
github.com/patric-chuzhbe/urlshrt/internal/logger/logger.go:42.16,44.3 1 0
github.com/patric-chuzhbe/urlshrt/internal/logger/logger.go:45.2,47.12 2 3
github.com/patric-chuzhbe/urlshrt/internal/logger/logger.go:50.19,51.59 1 0
github.com/patric-chuzhbe/urlshrt/internal/logger/logger.go:51.59,53.3 1 0
github.com/patric-chuzhbe/urlshrt/internal/logger/logger.go:55.2,55.12 1 0
github.com/patric-chuzhbe/urlshrt/internal/logger/logger.go:58.61,59.56 1 2
github.com/patric-chuzhbe/urlshrt/internal/logger/logger.go:59.56,81.3 6 6
github.com/patric-chuzhbe/urlshrt/internal/logger/logger.go:83.2,83.32 1 2
github.com/patric-chuzhbe/urlshrt/internal/router/router.go:105.53,107.25 2 2
github.com/patric-chuzhbe/urlshrt/internal/router/router.go:107.25,109.3 1 0
github.com/patric-chuzhbe/urlshrt/internal/router/router.go:111.2,112.25 2 2
github.com/patric-chuzhbe/urlshrt/internal/router/router.go:112.25,113.37 1 3
github.com/patric-chuzhbe/urlshrt/internal/router/router.go:113.37,115.4 1 3
github.com/patric-chuzhbe/urlshrt/internal/router/router.go:117.2,117.13 1 2
github.com/patric-chuzhbe/urlshrt/internal/router/router.go:120.60,121.32 1 0
github.com/patric-chuzhbe/urlshrt/internal/router/router.go:121.32,123.3 1 0
github.com/patric-chuzhbe/urlshrt/internal/router/router.go:124.2,124.28 1 0
github.com/patric-chuzhbe/urlshrt/internal/router/router.go:127.96,129.25 2 0
github.com/patric-chuzhbe/urlshrt/internal/router/router.go:129.25,133.3 2 0
github.com/patric-chuzhbe/urlshrt/internal/router/router.go:135.2,136.76 2 0
github.com/patric-chuzhbe/urlshrt/internal/router/router.go:136.76,140.3 3 0
github.com/patric-chuzhbe/urlshrt/internal/router/router.go:142.2,144.59 2 0
github.com/patric-chuzhbe/urlshrt/internal/router/router.go:144.59,148.3 3 0
github.com/patric-chuzhbe/urlshrt/internal/router/router.go:150.2,155.43 2 0
github.com/patric-chuzhbe/urlshrt/internal/router/router.go:158.93,160.25 2 0
github.com/patric-chuzhbe/urlshrt/internal/router/router.go:160.25,164.3 2 0
github.com/patric-chuzhbe/urlshrt/internal/router/router.go:165.2,166.16 2 0
github.com/patric-chuzhbe/urlshrt/internal/router/router.go:166.16,171.3 3 0
github.com/patric-chuzhbe/urlshrt/internal/router/router.go:173.2,173.27 1 0
github.com/patric-chuzhbe/urlshrt/internal/router/router.go:173.27,177.3 2 0
github.com/patric-chuzhbe/urlshrt/internal/router/router.go:179.2,182.16 3 0
github.com/patric-chuzhbe/urlshrt/internal/router/router.go:182.16,186.3 2 0
github.com/patric-chuzhbe/urlshrt/internal/router/router.go:193.3,194.44 1 4
github.com/patric-chuzhbe/urlshrt/internal/router/router.go:194.44,202.3 1 3
github.com/patric-chuzhbe/urlshrt/internal/router/router.go:209.31,215.2 4 2
github.com/patric-chuzhbe/urlshrt/internal/router/router.go:217.99,219.39 2 2
github.com/patric-chuzhbe/urlshrt/internal/router/router.go:219.39,221.3 1 3
github.com/patric-chuzhbe/urlshrt/internal/router/router.go:223.2,223.15 1 2
github.com/patric-chuzhbe/urlshrt/internal/router/router.go:226.115,228.56 2 2
github.com/patric-chuzhbe/urlshrt/internal/router/router.go:228.56,230.3 1 4
github.com/patric-chuzhbe/urlshrt/internal/router/router.go:232.2,232.15 1 2
github.com/patric-chuzhbe/urlshrt/internal/router/router.go:235.98,236.39 1 4
github.com/patric-chuzhbe/urlshrt/internal/router/router.go:236.39,241.3 3 0
github.com/patric-chuzhbe/urlshrt/internal/router/router.go:243.2,244.74 2 4
github.com/patric-chuzhbe/urlshrt/internal/router/router.go:244.74,249.3 3 2
github.com/patric-chuzhbe/urlshrt/internal/router/router.go:251.2,253.57 2 2
github.com/patric-chuzhbe/urlshrt/internal/router/router.go:253.57,257.3 3 0
github.com/patric-chuzhbe/urlshrt/internal/router/router.go:259.2,260.16 2 2
github.com/patric-chuzhbe/urlshrt/internal/router/router.go:260.16,265.3 3 0
github.com/patric-chuzhbe/urlshrt/internal/router/router.go:267.2,272.16 4 2
github.com/patric-chuzhbe/urlshrt/internal/router/router.go:272.16,274.18 2 0
github.com/patric-chuzhbe/urlshrt/internal/router/router.go:274.18,276.4 1 0
github.com/patric-chuzhbe/urlshrt/internal/router/router.go:277.3,280.9 3 0
github.com/patric-chuzhbe/urlshrt/internal/router/router.go:283.2,289.16 5 2
github.com/patric-chuzhbe/urlshrt/internal/router/router.go:289.16,291.18 2 0
github.com/patric-chuzhbe/urlshrt/internal/router/router.go:291.18,293.4 1 0
github.com/patric-chuzhbe/urlshrt/internal/router/router.go:294.3,297.9 3 0
github.com/patric-chuzhbe/urlshrt/internal/router/router.go:300.2,301.9 2 2
github.com/patric-chuzhbe/urlshrt/internal/router/router.go:301.9,306.3 3 0
github.com/patric-chuzhbe/urlshrt/internal/router/router.go:308.2,314.16 2 2
github.com/patric-chuzhbe/urlshrt/internal/router/router.go:314.16,316.18 2 0
github.com/patric-chuzhbe/urlshrt/internal/router/router.go:316.18,318.4 1 0
github.com/patric-chuzhbe/urlshrt/internal/router/router.go:319.3,322.9 3 0
github.com/patric-chuzhbe/urlshrt/internal/router/router.go:325.2,332.16 3 2
github.com/patric-chuzhbe/urlshrt/internal/router/router.go:332.16,337.3 3 0
github.com/patric-chuzhbe/urlshrt/internal/router/router.go:339.2,342.70 3 2
github.com/patric-chuzhbe/urlshrt/internal/router/router.go:342.70,346.3 2 0
github.com/patric-chuzhbe/urlshrt/internal/router/router.go:349.61,351.2 1 7
github.com/patric-chuzhbe/urlshrt/internal/router/router.go:353.86,355.16 2 0
github.com/patric-chuzhbe/urlshrt/internal/router/router.go:355.16,359.3 2 0
github.com/patric-chuzhbe/urlshrt/internal/router/router.go:360.2,360.37 1 0
github.com/patric-chuzhbe/urlshrt/internal/router/router.go:363.93,364.39 1 4
github.com/patric-chuzhbe/urlshrt/internal/router/router.go:364.39,368.3 3 0
github.com/patric-chuzhbe/urlshrt/internal/router/router.go:370.2,371.74 2 4
github.com/patric-chuzhbe/urlshrt/internal/router/router.go:371.74,375.3 3 1
github.com/patric-chuzhbe/urlshrt/internal/router/router.go:377.2,379.52 2 3
github.com/patric-chuzhbe/urlshrt/internal/router/router.go:379.52,383.3 3 1
github.com/patric-chuzhbe/urlshrt/internal/router/router.go:385.2,386.9 2 2
github.com/patric-chuzhbe/urlshrt/internal/router/router.go:386.9,390.3 3 0
github.com/patric-chuzhbe/urlshrt/internal/router/router.go:392.2,394.48 3 2
github.com/patric-chuzhbe/urlshrt/internal/router/router.go:394.48,398.3 3 0
github.com/patric-chuzhbe/urlshrt/internal/router/router.go:399.2,406.33 5 2
github.com/patric-chuzhbe/urlshrt/internal/router/router.go:406.33,408.3 1 0
github.com/patric-chuzhbe/urlshrt/internal/router/router.go:409.2,411.70 2 2
github.com/patric-chuzhbe/urlshrt/internal/router/router.go:411.70,414.3 2 0
github.com/patric-chuzhbe/urlshrt/internal/router/router.go:417.90,420.50 3 3
github.com/patric-chuzhbe/urlshrt/internal/router/router.go:420.50,423.3 2 0
github.com/patric-chuzhbe/urlshrt/internal/router/router.go:424.2,424.16 1 3
github.com/patric-chuzhbe/urlshrt/internal/router/router.go:424.16,428.3 3 0
github.com/patric-chuzhbe/urlshrt/internal/router/router.go:429.2,429.12 1 3
github.com/patric-chuzhbe/urlshrt/internal/router/router.go:429.12,432.3 2 1
github.com/patric-chuzhbe/urlshrt/internal/router/router.go:433.2,433.61 1 2
github.com/patric-chuzhbe/urlshrt/internal/router/router.go:436.108,438.16 2 4
github.com/patric-chuzhbe/urlshrt/internal/router/router.go:438.16,440.3 1 0
github.com/patric-chuzhbe/urlshrt/internal/router/router.go:442.2,443.16 2 4
github.com/patric-chuzhbe/urlshrt/internal/router/router.go:443.16,447.3 2 0
github.com/patric-chuzhbe/urlshrt/internal/router/router.go:449.2,452.11 3 4
github.com/patric-chuzhbe/urlshrt/internal/router/router.go:452.11,455.3 2 0
github.com/patric-chuzhbe/urlshrt/internal/router/router.go:457.2,457.12 1 4
github.com/patric-chuzhbe/urlshrt/internal/router/router.go:457.12,460.17 3 4
github.com/patric-chuzhbe/urlshrt/internal/router/router.go:460.17,464.4 2 0
github.com/patric-chuzhbe/urlshrt/internal/router/router.go:465.3,466.18 2 4
github.com/patric-chuzhbe/urlshrt/internal/router/router.go:469.2,470.16 2 4
github.com/patric-chuzhbe/urlshrt/internal/router/router.go:470.16,474.3 2 0
github.com/patric-chuzhbe/urlshrt/internal/router/router.go:476.2,477.16 2 4
github.com/patric-chuzhbe/urlshrt/internal/router/router.go:477.16,479.3 1 0
github.com/patric-chuzhbe/urlshrt/internal/router/router.go:481.2,481.26 1 4
github.com/patric-chuzhbe/urlshrt/internal/router/router.go:484.57,486.17 2 3
github.com/patric-chuzhbe/urlshrt/internal/router/router.go:486.17,488.3 1 1
github.com/patric-chuzhbe/urlshrt/internal/router/router.go:490.2,490.19 1 2
github.com/patric-chuzhbe/urlshrt/internal/router/router.go:493.55,495.16 2 3
github.com/patric-chuzhbe/urlshrt/internal/router/router.go:495.16,497.3 1 0
github.com/patric-chuzhbe/urlshrt/internal/router/router.go:499.2,502.16 3 3
github.com/patric-chuzhbe/urlshrt/internal/router/router.go:502.16,504.3 1 1
github.com/patric-chuzhbe/urlshrt/internal/router/router.go:506.2,506.32 1 2
github.com/patric-chuzhbe/urlshrt/internal/router/router.go:509.90,511.16 2 3
github.com/patric-chuzhbe/urlshrt/internal/router/router.go:511.16,514.3 2 1
github.com/patric-chuzhbe/urlshrt/internal/router/router.go:516.2,517.9 2 2
github.com/patric-chuzhbe/urlshrt/internal/router/router.go:517.9,521.3 3 0
github.com/patric-chuzhbe/urlshrt/internal/router/router.go:523.2,524.48 2 2
github.com/patric-chuzhbe/urlshrt/internal/router/router.go:524.48,528.3 3 0
github.com/patric-chuzhbe/urlshrt/internal/router/router.go:530.2,531.33 2 2
github.com/patric-chuzhbe/urlshrt/internal/router/router.go:531.33,533.3 1 0
github.com/patric-chuzhbe/urlshrt/internal/router/router.go:534.2,537.16 3 2
github.com/patric-chuzhbe/urlshrt/internal/router/router.go:537.16,540.3 2 0
github.com/patric-chuzhbe/urlshrt/internal/router/router.go:548.12,595.2 11 1
github.com/patric-chuzhbe/urlshrt/internal/db/jsondb/jsondb.go:32.9,33.43 1 1
github.com/patric-chuzhbe/urlshrt/internal/db/jsondb/jsondb.go:33.43,34.38 1 2
github.com/patric-chuzhbe/urlshrt/internal/db/jsondb/jsondb.go:34.38,37.45 3 8
github.com/patric-chuzhbe/urlshrt/internal/db/jsondb/jsondb.go:37.45,39.5 1 4
github.com/patric-chuzhbe/urlshrt/internal/db/jsondb/jsondb.go:43.2,43.12 1 1
github.com/patric-chuzhbe/urlshrt/internal/db/jsondb/jsondb.go:51.9,52.27 1 2
github.com/patric-chuzhbe/urlshrt/internal/db/jsondb/jsondb.go:52.27,54.14 2 4
github.com/patric-chuzhbe/urlshrt/internal/db/jsondb/jsondb.go:54.14,56.4 1 2
github.com/patric-chuzhbe/urlshrt/internal/db/jsondb/jsondb.go:57.3,60.14 3 4
github.com/patric-chuzhbe/urlshrt/internal/db/jsondb/jsondb.go:60.14,62.4 1 4
github.com/patric-chuzhbe/urlshrt/internal/db/jsondb/jsondb.go:63.3,63.84 1 4
github.com/patric-chuzhbe/urlshrt/internal/db/jsondb/jsondb.go:66.2,66.12 1 2
github.com/patric-chuzhbe/urlshrt/internal/db/jsondb/jsondb.go:73.28,74.39 1 0
github.com/patric-chuzhbe/urlshrt/internal/db/jsondb/jsondb.go:74.39,74.53 1 0
github.com/patric-chuzhbe/urlshrt/internal/db/jsondb/jsondb.go:75.2,75.30 1 0
github.com/patric-chuzhbe/urlshrt/internal/db/jsondb/jsondb.go:75.30,77.3 1 0
github.com/patric-chuzhbe/urlshrt/internal/db/jsondb/jsondb.go:79.2,81.12 3 0
github.com/patric-chuzhbe/urlshrt/internal/db/jsondb/jsondb.go:81.12,82.28 1 0
github.com/patric-chuzhbe/urlshrt/internal/db/jsondb/jsondb.go:82.28,90.4 1 0
github.com/patric-chuzhbe/urlshrt/internal/db/jsondb/jsondb.go:93.2,93.20 1 0
github.com/patric-chuzhbe/urlshrt/internal/db/jsondb/jsondb.go:96.104,100.2 3 2
github.com/patric-chuzhbe/urlshrt/internal/db/jsondb/jsondb.go:102.108,104.11 2 2
github.com/patric-chuzhbe/urlshrt/internal/db/jsondb/jsondb.go:104.11,106.3 1 1
github.com/patric-chuzhbe/urlshrt/internal/db/jsondb/jsondb.go:108.2,108.32 1 1
github.com/patric-chuzhbe/urlshrt/internal/db/jsondb/jsondb.go:111.64,113.2 1 0
github.com/patric-chuzhbe/urlshrt/internal/db/jsondb/jsondb.go:115.66,117.2 1 0
github.com/patric-chuzhbe/urlshrt/internal/db/jsondb/jsondb.go:119.55,121.2 1 0
github.com/patric-chuzhbe/urlshrt/internal/db/jsondb/jsondb.go:127.9,128.54 1 1
github.com/patric-chuzhbe/urlshrt/internal/db/jsondb/jsondb.go:128.54,130.17 2 3
github.com/patric-chuzhbe/urlshrt/internal/db/jsondb/jsondb.go:130.17,132.4 1 0
github.com/patric-chuzhbe/urlshrt/internal/db/jsondb/jsondb.go:135.2,135.12 1 1
github.com/patric-chuzhbe/urlshrt/internal/db/jsondb/jsondb.go:142.30,144.36 2 2
github.com/patric-chuzhbe/urlshrt/internal/db/jsondb/jsondb.go:144.36,146.17 2 5
github.com/patric-chuzhbe/urlshrt/internal/db/jsondb/jsondb.go:146.17,148.4 1 0
github.com/patric-chuzhbe/urlshrt/internal/db/jsondb/jsondb.go:149.3,149.12 1 5
github.com/patric-chuzhbe/urlshrt/internal/db/jsondb/jsondb.go:149.12,151.4 1 4
github.com/patric-chuzhbe/urlshrt/internal/db/jsondb/jsondb.go:154.2,154.20 1 2
github.com/patric-chuzhbe/urlshrt/internal/db/jsondb/jsondb.go:157.40,159.16 2 1
github.com/patric-chuzhbe/urlshrt/internal/db/jsondb/jsondb.go:159.16,161.3 1 0
github.com/patric-chuzhbe/urlshrt/internal/db/jsondb/jsondb.go:162.2,170.16 2 1
github.com/patric-chuzhbe/urlshrt/internal/db/jsondb/jsondb.go:170.16,172.3 1 0
github.com/patric-chuzhbe/urlshrt/internal/db/jsondb/jsondb.go:173.2,173.23 1 1
github.com/patric-chuzhbe/urlshrt/internal/db/jsondb/jsondb.go:176.64,178.16 2 2
github.com/patric-chuzhbe/urlshrt/internal/db/jsondb/jsondb.go:178.16,180.3 1 0
github.com/patric-chuzhbe/urlshrt/internal/db/jsondb/jsondb.go:182.2,183.17 2 2
github.com/patric-chuzhbe/urlshrt/internal/db/jsondb/jsondb.go:183.17,185.3 1 0
github.com/patric-chuzhbe/urlshrt/internal/db/jsondb/jsondb.go:186.2,189.16 3 2
github.com/patric-chuzhbe/urlshrt/internal/db/jsondb/jsondb.go:189.16,191.3 1 0
github.com/patric-chuzhbe/urlshrt/internal/db/jsondb/jsondb.go:193.2,193.12 1 2
github.com/patric-chuzhbe/urlshrt/internal/db/jsondb/jsondb.go:196.66,198.16 2 2
github.com/patric-chuzhbe/urlshrt/internal/db/jsondb/jsondb.go:198.16,200.3 1 1
github.com/patric-chuzhbe/urlshrt/internal/db/jsondb/jsondb.go:201.2,205.16 4 1
github.com/patric-chuzhbe/urlshrt/internal/db/jsondb/jsondb.go:205.16,207.3 1 0
github.com/patric-chuzhbe/urlshrt/internal/db/jsondb/jsondb.go:209.2,209.12 1 1
github.com/patric-chuzhbe/urlshrt/internal/db/jsondb/jsondb.go:212.44,219.16 3 1
github.com/patric-chuzhbe/urlshrt/internal/db/jsondb/jsondb.go:219.16,220.26 1 1
github.com/patric-chuzhbe/urlshrt/internal/db/jsondb/jsondb.go:220.26,222.4 1 0
github.com/patric-chuzhbe/urlshrt/internal/db/jsondb/jsondb.go:223.3,224.17 2 1
github.com/patric-chuzhbe/urlshrt/internal/db/jsondb/jsondb.go:224.17,226.4 1 0
github.com/patric-chuzhbe/urlshrt/internal/db/jsondb/jsondb.go:227.3,228.17 2 1
github.com/patric-chuzhbe/urlshrt/internal/db/jsondb/jsondb.go:228.17,230.4 1 0
github.com/patric-chuzhbe/urlshrt/internal/db/jsondb/jsondb.go:233.2,233.27 1 1
github.com/patric-chuzhbe/urlshrt/internal/db/jsondb/jsondb.go:236.51,238.2 1 1
github.com/patric-chuzhbe/urlshrt/internal/db/jsondb/jsondb.go:245.9,250.2 3 4
github.com/patric-chuzhbe/urlshrt/internal/db/jsondb/jsondb.go:252.33,254.16 2 2
github.com/patric-chuzhbe/urlshrt/internal/db/jsondb/jsondb.go:254.16,256.3 1 0
github.com/patric-chuzhbe/urlshrt/internal/db/jsondb/jsondb.go:258.2,258.12 1 2
github.com/patric-chuzhbe/urlshrt/internal/db/jsondb/jsondb.go:261.107,266.21 4 4
github.com/patric-chuzhbe/urlshrt/internal/db/jsondb/jsondb.go:266.21,268.3 1 4
github.com/patric-chuzhbe/urlshrt/internal/db/jsondb/jsondb.go:270.2,270.8 1 4
github.com/patric-chuzhbe/urlshrt/internal/db/jsondb/jsondb.go:277.41,282.2 3 6
github.com/patric-chuzhbe/urlshrt/internal/db/jsondb/jsondb.go:284.82,288.2 2 0
github.com/patric-chuzhbe/urlshrt/internal/db/memorystorage/memorystorage.go:13.36,26.2 1 1
github.com/patric-chuzhbe/urlshrt/internal/db/memorystorage/memorystorage.go:28.48,30.2 1 1
github.com/patric-chuzhbe/urlshrt/internal/db/memorystorage/memorystorage.go:32.66,34.2 1 1
