line: 140

line: 149

line: 158

line: 167

line: 155
	req.ContentLength: 28


line: 164

line: 173

line: 182

line: 155
	req.ContentLength: 30


line: 164

line: 173

line: 182

line: 155
	req.ContentLength: 30


line: 164

line: 173

line: 182

line: 155
	req.ContentLength: 30


line: 164

line: 173

line: 182

line: 155
	req.ContentLength: 28


line: 164

line: 173

line: 182

line: 155
	req.ContentLength: 28


line: 164

line: 173

line: 182

line: 155
	req.ContentLength: 28


line: 164

line: 173

line: 182

line: 155
	req.ContentLength: 28


line: 164

line: 173

line: 182

line: 155
	req.ContentLength: 28


line: 164

line: 173

line: 182

line: 155
	req.ContentLength: 28


line: 164

line: 173

line: 182

line: 155
	req.ContentLength: 28


line: 164

line: 173

line: 182

line: 155
	req.ContentLength: 28


line: 164

line: 173

line: 182

line: 155
	req.ContentLength: 28


line: 164

line: 173

line: 182

line: 155
	req.ContentLength: 28


line: 165
	req.Method: "POST"


line: 174

line: 183

line: 155
	req.ContentLength: 28


line: 165
	req.Method: "POST"


line: 174
	urlToShort: "aA=="


line: 194

line: 155
	req.ContentLength: 28


line: 165
	req.Method: "POST"


line: 174
	urlToShort: "aA=="


line: 194

line: 155
	req.ContentLength: 28


line: 165
	req.Method: "POST"


line: 174
	urlToShort: "aA=="

	bytesRead: 1


line: 203

line: 155
	req.ContentLength: 28


line: 165
	req.Method: "POST"


line: 174
	urlToShort: "aHR0cA=="

	bytesRead: 4


line: 203

line: 155
	req.ContentLength: 28


line: 165
	req.Method: "POST"


line: 174
	urlToShort: "aHR0cA=="

	bytesRead: 4


line: 203

line: 155
	req.ContentLength: 28


line: 165
	req.Method: "POST"


line: 174
	urlToShort: "aHR0cA=="

	bytesRead: 4


line: 203

line: 155
	req.ContentLength: 28


line: 165
	req.Method: "POST"


line: 174
	urlToShort: "aHR0cA=="

	bytesRead: 4


line: 203

line: 155
	req.ContentLength: 28


line: 165
	req.Method: "POST"


line: 174
	urlToShort: "aHR0cA=="

	bytesRead: 4


line: 203

line: 155
	req.ContentLength: 28


line: 165
	req.Method: "POST"


line: 174
	urlToShort: "aHR0cA=="

	bytesRead: 4


line: 203

